<?xml version="1.0" encoding="UTF-8"?>
<!-- Generated by org.testng.reporters.JUnitXMLReporter -->
<testsuite hostname="DELL-PC" ignored="0" name="Run On FIREFOX" tests="2" failures="0" timestamp="13 thg 2 2021 18:19:32 GMT" time="28.773" errors="0">
  <testcase name="TC_01_Upload_1_File_Per_Time" time="4.193" classname="com.jquery.upload.Level_12b_Upload_File"/>
  <testcase name="TC_02_Upload_Multiple_File_Per_Time" time="9.567" classname="com.jquery.upload.Level_12b_Upload_File"/>
</testsuite> <!-- Run On FIREFOX -->
