<?xml version="1.0" encoding="UTF-8"?>
<!-- Generated by org.testng.reporters.JUnitXMLReporter -->
<testsuite hostname="DELL-PC" ignored="0" name="Run On FIREFOX" tests="7" failures="2" timestamp="21 thg 10 2021 10:24:32 GMT" time="57.75" errors="0">
  <testcase name="TC_01_Register_To_System" time="9.69" classname="com.bankguru.user.Level_22_Data_Test_04_Data_Driven"/>
  <testcase name="TC_02_Login_To_System" time="5.583" classname="com.bankguru.user.Level_22_Data_Test_04_Data_Driven">
    <skipped/>
  </testcase> <!-- TC_02_Login_To_System -->
  <testcase name="TC_02_Login_To_System" time="5.614" classname="com.bankguru.user.Level_22_Data_Test_04_Data_Driven">
    <skipped/>
  </testcase> <!-- TC_02_Login_To_System -->
  <testcase name="TC_02_Login_To_System" time="5.582" classname="com.bankguru.user.Level_22_Data_Test_04_Data_Driven">
    <failure type="java.lang.AssertionError" message="expected [true] but found [false]">
      <![CDATA[java.lang.AssertionError: expected [true] but found [false]
at com.bankguru.user.Level_22_Data_Test_04_Data_Driven.TC_02_Login_To_System(Level_22_Data_Test_04_Data_Driven.java:124)
... Removed 29 stack frames]]>
    </failure>
  </testcase> <!-- TC_02_Login_To_System -->
  <testcase name="TC_03_New_Customer" time="0.016" classname="com.bankguru.user.Level_22_Data_Test_04_Data_Driven">
    <skipped/>
  </testcase> <!-- TC_03_New_Customer -->
  <testcase name="TC_03_New_Customer" time="0.015" classname="com.bankguru.user.Level_22_Data_Test_04_Data_Driven">
    <skipped/>
  </testcase> <!-- TC_03_New_Customer -->
  <testcase name="TC_03_New_Customer" time="0.003" classname="com.bankguru.user.Level_22_Data_Test_04_Data_Driven">
    <failure type="java.lang.NullPointerException">
      <![CDATA[java.lang.NullPointerException
at com.bankguru.user.Level_22_Data_Test_04_Data_Driven.TC_03_New_Customer(Level_22_Data_Test_04_Data_Driven.java:151)
... Removed 25 stack frames]]>
    </failure>
  </testcase> <!-- TC_03_New_Customer -->
</testsuite> <!-- Run On FIREFOX -->
