<?xml version="1.0" encoding="UTF-8"?>
<!-- Generated by org.testng.reporters.JUnitXMLReporter -->
<testsuite hostname="DELL-PC" ignored="0" name="Run On CHROME" tests="3" failures="0" timestamp="21 thg 10 2021 10:28:26 GMT" time="83.474" errors="0">
  <testcase name="TC_01_Register_To_System" time="9.993" classname="com.bankguru.user.Level_22_Data_Test_04_Data_Driven"/>
  <testcase name="TC_02_Login_To_System" time="31.993" classname="com.bankguru.user.Level_22_Data_Test_04_Data_Driven"/>
  <testcase name="TC_03_New_Customer" time="24.292" classname="com.bankguru.user.Level_22_Data_Test_04_Data_Driven"/>
</testsuite> <!-- Run On CHROME -->
