<?xml version="1.0" encoding="UTF-8"?>
<!-- Generated by org.testng.reporters.JUnitXMLReporter -->
<testsuite hostname="DELL-PC" ignored="0" name="RUN ON EDGE" tests="3" failures="0" timestamp="21 thg 10 2021 10:31:10 GMT" time="89.466" errors="0">
  <testcase name="TC_01_Register_To_System" time="11.143" classname="com.bankguru.user.Level_22_Data_Test_04_Data_Driven"/>
  <testcase name="TC_02_Login_To_System" time="32.105" classname="com.bankguru.user.Level_22_Data_Test_04_Data_Driven"/>
  <testcase name="TC_03_New_Customer" time="25.369" classname="com.bankguru.user.Level_22_Data_Test_04_Data_Driven"/>
</testsuite> <!-- RUN ON EDGE -->
