<?xml version="1.0" encoding="UTF-8"?>
<!-- Generated by org.testng.reporters.JUnitXMLReporter -->
<testsuite ignored="0" hostname="DELL-PC" failures="0" tests="3" name="Run On IE" time="236.692" errors="0" timestamp="22 thg 1 2021 15:53:40 GMT">
  <testcase classname="com.bankguru.user.Level_22_Data_Test_04_Data_Driven" name="TC_01_Register_To_System" time="53.679"/>
  <testcase classname="com.bankguru.user.Level_22_Data_Test_04_Data_Driven" name="TC_02_Login_To_System" time="71.553"/>
  <testcase classname="com.bankguru.user.Level_22_Data_Test_04_Data_Driven" name="TC_03_New_Customer" time="61.617"/>
</testsuite> <!-- Run On IE -->
