<?xml version="1.0" encoding="UTF-8"?>
<testsuite name="Run On FIREFOX"
           tests="3"
           failures="0"
           errors="0"
           skipped="0"
           time="27,596">
  <properties />
  
  
            <testcase name="TC_03_New_Customer" time="11,900" classname="com.bankguru.user.Level_22_Data_Test_02_TestNG_XML_badPractice" />
                <testcase name="TC_02_Login_To_System" time="13,886" classname="com.bankguru.user.Level_22_Data_Test_02_TestNG_XML_badPractice" />
                <testcase name="TC_01_Register_To_System" time="1,810" classname="com.bankguru.user.Level_22_Data_Test_02_TestNG_XML_badPractice" />
      
</testsuite>
