<?xml version="1.0" encoding="UTF-8"?>
<testsuite name="Run On FIREFOX"
           tests="3"
           failures="0"
           errors="0"
           skipped="0"
           time="27,041">
  <properties />
  
  
            <testcase name="TC_01_Register_To_System" time="1,928" classname="com.bankguru.user.Level_21_Fake_Data_Test" />
                <testcase name="TC_02_Login_To_System" time="13,392" classname="com.bankguru.user.Level_21_Fake_Data_Test" />
                <testcase name="TC_03_New_Customer" time="11,721" classname="com.bankguru.user.Level_21_Fake_Data_Test" />
      
</testsuite>
