<?xml version="1.0" encoding="UTF-8"?>
<testsuite name="Run On FIREFOX"
           tests="4"
           failures="0"
           errors="0"
           skipped="0"
           time="0.652">
  <properties />
  
  
            <testcase name="TC_01_Create_New_Customer" time="0.596" classname="com.bankguru.user.Level_16_Share_Class_State_01" />
                <testcase name="TC_02_View_Customer" time="0.026" classname="com.bankguru.user.Level_16_Share_Class_State_01" />
                <testcase name="TC_04_Delete_Customer" time="0.016" classname="com.bankguru.user.Level_16_Share_Class_State_01" />
                <testcase name="TC_03_Edit_Customer" time="0.014" classname="com.bankguru.user.Level_16_Share_Class_State_01" />
      
</testsuite>
