<?xml version="1.0" encoding="UTF-8"?>
<!-- Generated by org.testng.reporters.JUnitXMLReporter -->
<testsuite hostname="DELL-PC" ignored="0" name="Run On FIREFOX" tests="2" failures="2" timestamp="13 thg 2 2021 10:22:50 GMT" time="11.987" errors="0">
  <testcase name="TC_01_Upload_1_File_Per_Time" time="0.074" classname="com.jquery.upload.Level_12b_Upload_File">
    <failure type="java.lang.NullPointerException">
      <![CDATA[java.lang.NullPointerException
at commons.AbstractPage.isMac(AbstractPage.java:456)
at commons.AbstractPage.getDirectorySlash(AbstractPage.java:443)
at commons.AbstractPage.uploadMultipleFiles(AbstractPage.java:469)
at com.jquery.upload.Level_12b_Upload_File.TC_01_Upload_1_File_Per_Time(Level_12b_Upload_File.java:35)
at java.util.concurrent.FutureTask.run(FutureTask.java:266)
at java.util.concurrent.ThreadPoolExecutor.runWorker(ThreadPoolExecutor.java:1149)
at java.util.concurrent.ThreadPoolExecutor$Worker.run(ThreadPoolExecutor.java:624)
at java.lang.Thread.run(Thread.java:748)
... Removed 16 stack frames]]>
    </failure>
  </testcase> <!-- TC_01_Upload_1_File_Per_Time -->
  <testcase name="TC_02_Upload_Multiple_File_Per_Time" time="0.004" classname="com.jquery.upload.Level_12b_Upload_File">
    <failure type="java.lang.NullPointerException">
      <![CDATA[java.lang.NullPointerException
at commons.AbstractPage.isMac(AbstractPage.java:456)
at commons.AbstractPage.getDirectorySlash(AbstractPage.java:443)
at commons.AbstractPage.uploadMultipleFiles(AbstractPage.java:469)
at com.jquery.upload.Level_12b_Upload_File.TC_02_Upload_Multiple_File_Per_Time(Level_12b_Upload_File.java:49)
at java.util.concurrent.FutureTask.run(FutureTask.java:266)
at java.util.concurrent.ThreadPoolExecutor.runWorker(ThreadPoolExecutor.java:1149)
at java.util.concurrent.ThreadPoolExecutor$Worker.run(ThreadPoolExecutor.java:624)
at java.lang.Thread.run(Thread.java:748)
... Removed 16 stack frames]]>
    </failure>
  </testcase> <!-- TC_02_Upload_Multiple_File_Per_Time -->
</testsuite> <!-- Run On FIREFOX -->
