<?xml version="1.0" encoding="UTF-8"?>
<!-- Generated by org.testng.reporters.JUnitXMLReporter -->
<testsuite hostname="DELL-PC" ignored="0" name="Run On FIREFOX" tests="2" failures="0" timestamp="14 thg 2 2021 08:59:24 GMT" time="28.63" errors="0">
  <testcase name="TC_01_Upload_1_File_Per_Time" time="4.025" classname="com.jquery.upload.Level_12b_Upload_File"/>
  <testcase name="TC_02_Upload_Multiple_File_Per_Time" time="9.314" classname="com.jquery.upload.Level_12b_Upload_File"/>
</testsuite> <!-- Run On FIREFOX -->
