<?xml version="1.0" encoding="UTF-8"?>
<!-- Generated by org.testng.reporters.JUnitXMLReporter -->
<testsuite hostname="DELL-PC" ignored="0" name="RUN ON EDGE" tests="2" failures="0" timestamp="13 thg 3 2021 16:45:10 GMT" time="39.732" errors="0">
  <testcase name="TC_01_Upload_1_File_Per_Time" time="8.354" classname="com.jquery.upload.Level_12b_Upload_File"/>
  <testcase name="TC_02_Upload_Multiple_File_Per_Time" time="16.679" classname="com.jquery.upload.Level_12b_Upload_File"/>
</testsuite> <!-- RUN ON EDGE -->
